<?xml version="1.0" encoding="UTF-8"?>
<!-- Generated by org.testng.reporters.JUnitXMLReporter -->
<testsuite ignored="0" hostname="DESKTOP-GIJQBVN" failures="0" tests="5" name="LoginTests" time="175.466" errors="0" timestamp="2021-10-13T13:55:22 IST">
  <testcase classname="com.qa.tests.ChangePhoneTests" name="existingPhoneNo" time="19.11"/>
  <testcase classname="com.qa.tests.ChangePhoneTests" name="invalidOtp" time="32.025"/>
  <testcase classname="com.qa.tests.ChangePhoneTests" name="invalidPhoneDigitCount" time="19.415"/>
  <testcase classname="com.qa.tests.ChangePhoneTests" name="invalidPhoneNo" time="18.623"/>
  <testcase classname="com.qa.tests.ChangePhoneTests" name="validData" time="33.395"/>
</testsuite> <!-- LoginTests -->
