<?xml version="1.0" encoding="UTF-8"?>
<testng-results ignored="0" total="1" passed="1" failed="0" skipped="0">
  <reporter-output>
  </reporter-output>
  <suite started-at="2021-10-26T12:48:34 IST" name="Default suite" finished-at="2021-10-26T12:49:06 IST" duration-ms="31775">
    <groups>
    </groups>
    <test started-at="2021-10-26T12:48:34 IST" name="Default test" finished-at="2021-10-26T12:49:06 IST" duration-ms="31775">
      <class name="com.qa.tests.EditBracketTests">
        <test-method is-config="true" signature="beforeTest()[pri:0, instance:com.qa.tests.EditBracketTests@5824a83d]" started-at="2021-10-26T12:48:34 IST" name="beforeTest" finished-at="2021-10-26T12:48:42 IST" duration-ms="7824" status="PASS">
          <reporter-output>
          </reporter-output>
        </test-method> <!-- beforeTest -->
        <test-method is-config="true" signature="beforeClass()[pri:0, instance:com.qa.tests.EditBracketTests@5824a83d]" started-at="2021-10-26T12:48:42 IST" name="beforeClass" finished-at="2021-10-26T12:48:44 IST" duration-ms="1405" status="PASS">
          <reporter-output>
          </reporter-output>
        </test-method> <!-- beforeClass -->
        <test-method is-config="true" signature="beforeMethod()[pri:0, instance:com.qa.tests.EditBracketTests@5824a83d]" started-at="2021-10-26T12:48:44 IST" name="beforeMethod" finished-at="2021-10-26T12:48:45 IST" duration-ms="1082" status="PASS">
          <reporter-output>
          </reporter-output>
        </test-method> <!-- beforeMethod -->
        <test-method is-config="true" signature="beforeMethod(java.lang.reflect.Method)[pri:0, instance:com.qa.tests.EditBracketTests@5824a83d]" started-at="2021-10-26T12:48:45 IST" name="beforeMethod" finished-at="2021-10-26T12:48:46 IST" duration-ms="1435" status="PASS">
          <params>
            <param index="0">
              <value>
                <![CDATA[public void com.qa.tests.EditBracketTests.validData()]]>
              </value>
            </param>
          </params>
          <reporter-output>
          </reporter-output>
        </test-method> <!-- beforeMethod -->
        <test-method signature="validData()[pri:0, instance:com.qa.tests.EditBracketTests@5824a83d]" started-at="2021-10-26T12:48:46 IST" name="validData" finished-at="2021-10-26T12:49:01 IST" duration-ms="14997" status="PASS">
          <reporter-output>
          </reporter-output>
        </test-method> <!-- validData -->
        <test-method is-config="true" signature="afterMethod()[pri:0, instance:com.qa.tests.EditBracketTests@5824a83d]" started-at="2021-10-26T12:49:01 IST" name="afterMethod" finished-at="2021-10-26T12:49:01 IST" duration-ms="152" status="PASS">
          <reporter-output>
          </reporter-output>
        </test-method> <!-- afterMethod -->
        <test-method is-config="true" signature="afterMethod(org.testng.ITestResult)[pri:0, instance:com.qa.tests.EditBracketTests@5824a83d]" started-at="2021-10-26T12:49:01 IST" name="afterMethod" finished-at="2021-10-26T12:49:06 IST" duration-ms="4513" status="PASS">
          <params>
            <param index="0">
              <value>
                <![CDATA[[TestResult name=validData status=SUCCESS method=EditBracketTests.validData()[pri:0, instance:com.qa.tests.EditBracketTests@5824a83d] output={null}]]]>
              </value>
            </param>
          </params>
          <reporter-output>
          </reporter-output>
        </test-method> <!-- afterMethod -->
        <test-method is-config="true" signature="afterClass()[pri:0, instance:com.qa.tests.EditBracketTests@5824a83d]" started-at="2021-10-26T12:49:06 IST" name="afterClass" finished-at="2021-10-26T12:49:06 IST" duration-ms="1" status="PASS">
          <reporter-output>
          </reporter-output>
        </test-method> <!-- afterClass -->
        <test-method is-config="true" signature="afterTest()[pri:0, instance:com.qa.tests.EditBracketTests@5824a83d]" started-at="2021-10-26T12:49:06 IST" name="afterTest" finished-at="2021-10-26T12:49:06 IST" duration-ms="341" status="PASS">
          <reporter-output>
          </reporter-output>
        </test-method> <!-- afterTest -->
        <test-method is-config="true" signature="afterSuite()[pri:0, instance:com.qa.tests.EditBracketTests@5824a83d]" started-at="2021-10-26T12:49:06 IST" name="afterSuite" finished-at="2021-10-26T12:49:06 IST" duration-ms="1" status="PASS">
          <reporter-output>
          </reporter-output>
        </test-method> <!-- afterSuite -->
      </class> <!-- com.qa.tests.EditBracketTests -->
    </test> <!-- Default test -->
  </suite> <!-- Default suite -->
</testng-results>
